<?xml version="1.0" encoding="utf-8"?><testsuites name="pytest tests"><testsuite name="pytest" errors="0" failures="3" skipped="0" tests="18" time="1.280" timestamp="2025-08-03T12:11:41.546084-04:00" hostname="Saads-MacBook-Air-2.local"><testcase classname="test_plan.integration_tests.test_orchestrator_v2_integration.TestOrchestratorV2Integration" name="test_complete_document_analysis_workflow" time="0.004" /><testcase classname="test_plan.integration_tests.test_orchestrator_v2_integration.TestOrchestratorV2Integration" name="test_streaming_execution_workflow" time="0.003" /><testcase classname="test_plan.integration_tests.test_orchestrator_v2_integration.TestOrchestratorV2Integration" name="test_multi_document_workflow" time="0.002" /><testcase classname="test_plan.integration_tests.test_orchestrator_v2_integration.TestOrchestratorV2Integration" name="test_error_recovery_workflow" time="0.010" /><testcase classname="test_plan.integration_tests.test_orchestrator_v2_integration.TestOrchestratorV2Integration" name="test_planning_strategy_variations" time="0.002" /><testcase classname="test_plan.integration_tests.test_orchestrator_v2_integration.TestOrchestratorV2Integration" name="test_state_persistence_across_sessions" time="0.005" /><testcase classname="test_plan.integration_tests.test_orchestrator_v2_integration.TestOrchestratorV2Integration" name="test_confidence_threshold_behavior" time="0.004" /><testcase classname="test_plan.integration_tests.test_orchestrator_v2_integration.TestOrchestratorIntegration" name="test_integration_v2_success" time="0.003"><failure message="AssertionError: assert 'V1 response' == 'V2 response'&#10;  &#10;  - V2 response&#10;  ?  ^&#10;  + V1 response&#10;  ?  ^">test_plan/integration_tests/test_orchestrator_v2_integration.py:432: in test_integration_v2_success
    assert result["final_answer"] == "V2 response"
E   AssertionError: assert 'V1 response' == 'V2 response'
E     
E     - V2 response
E     ?  ^
E     + V1 response
E     ?  ^</failure></testcase><testcase classname="test_plan.integration_tests.test_orchestrator_v2_integration.TestOrchestratorIntegration" name="test_integration_v2_low_confidence_fallback" time="0.003" /><testcase classname="test_plan.integration_tests.test_orchestrator_v2_integration.TestOrchestratorIntegration" name="test_integration_v2_failure_fallback" time="0.002" /><testcase classname="test_plan.integration_tests.test_orchestrator_v2_integration.TestOrchestratorIntegration" name="test_integration_streaming_v2" time="0.005"><failure message="AssertionError: assert 'reasoning_step' == 'tool_execution'&#10;  &#10;  - tool_execution&#10;  + reasoning_step">test_plan/integration_tests/test_orchestrator_v2_integration.py:512: in test_integration_streaming_v2
    assert updates[1]["type"] == "tool_execution"
E   AssertionError: assert 'reasoning_step' == 'tool_execution'
E     
E     - tool_execution
E     + reasoning_step</failure></testcase><testcase classname="test_plan.integration_tests.test_orchestrator_v2_integration.TestOrchestratorIntegration" name="test_integration_streaming_fallback" time="0.003" /><testcase classname="test_plan.integration_tests.test_orchestrator_v2_integration.TestOrchestratorIntegration" name="test_integration_system_status" time="0.002" /><testcase classname="test_plan.integration_tests.test_orchestrator_v2_integration.TestOrchestratorIntegration" name="test_integration_backward_compatibility" time="0.002" /><testcase classname="test_plan.integration_tests.test_orchestrator_v2_integration.TestToolIntegration" name="test_tool_registry_integration" time="0.001" /><testcase classname="test_plan.integration_tests.test_orchestrator_v2_integration.TestToolIntegration" name="test_tool_validation_integration" time="0.001" /><testcase classname="test_plan.integration_tests.test_orchestrator_v2_integration.TestMemoryIntegration" name="test_session_memory_persistence" time="0.003"><failure message="assert 0 &gt; 0">test_plan/integration_tests/test_orchestrator_v2_integration.py:671: in test_session_memory_persistence
    assert summary["total_entries"] &gt; 0
E   assert 0 &gt; 0</failure></testcase><testcase classname="test_plan.integration_tests.test_orchestrator_v2_integration.TestMemoryIntegration" name="test_state_cleanup_integration" time="0.002" /></testsuite></testsuites>