<?xml version="1.0" encoding="utf-8"?><testsuites name="pytest tests"><testsuite name="pytest" errors="0" failures="2" skipped="0" tests="8" time="3.322" timestamp="2025-08-03T11:42:30.504157-04:00" hostname="Saads-MacBook-Air-2.local"><testcase classname="test_plan.performance_tests.test_performance_benchmarks.TestPerformanceBenchmarks" name="test_response_time_benchmark" time="0.011"><failure message="AssertionError: Success rate below 80%&#10;assert 0.5 &gt;= 0.8&#10; +  where 0.5 = &lt;built-in method get of dict object at 0x1142682c0&gt;('success_rate', 0)&#10; +    where &lt;built-in method get of dict object at 0x1142682c0&gt; = {'average_confidence': 0.975, 'completed': 1, 'failed': 1, 'step_details': {'step_1': {'confidence': 0.95, 'execution_time': 0.004660129547119141, 'status': 'completed'}, 'step_2': {'confidence': 1.0, 'execution_time': 1.1205673217773438e-05, 'status': 'failed'}}, ...}.get">test_plan/performance_tests/test_performance_benchmarks.py:134: in test_response_time_benchmark
    assert summary.get("success_rate", 0) &gt;= 0.8, "Success rate below 80%"
E   AssertionError: Success rate below 80%
E   assert 0.5 &gt;= 0.8
E    +  where 0.5 = &lt;built-in method get of dict object at 0x1142682c0&gt;('success_rate', 0)
E    +    where &lt;built-in method get of dict object at 0x1142682c0&gt; = {'average_confidence': 0.975, 'completed': 1, 'failed': 1, 'step_details': {'step_1': {'confidence': 0.95, 'execution_time': 0.004660129547119141, 'status': 'completed'}, 'step_2': {'confidence': 1.0, 'execution_time': 1.1205673217773438e-05, 'status': 'failed'}}, ...}.get</failure></testcase><testcase classname="test_plan.performance_tests.test_performance_benchmarks.TestPerformanceBenchmarks" name="test_parallel_execution_efficiency" time="0.005"><failure message="AssertionError: Parallel speedup 0.51x is less than 1.2x&#10;assert 0.5052653748946925 &gt;= 1.2">test_plan/performance_tests/test_performance_benchmarks.py:183: in test_parallel_execution_efficiency
    assert speedup &gt;= 1.2, f"Parallel speedup {speedup:.2f}x is less than 1.2x"
E   AssertionError: Parallel speedup 0.51x is less than 1.2x
E   assert 0.5052653748946925 &gt;= 1.2</failure></testcase><testcase classname="test_plan.performance_tests.test_performance_benchmarks.TestPerformanceBenchmarks" name="test_concurrent_user_load" time="0.018" /><testcase classname="test_plan.performance_tests.test_performance_benchmarks.TestPerformanceBenchmarks" name="test_memory_usage_performance" time="0.007" /><testcase classname="test_plan.performance_tests.test_performance_benchmarks.TestPerformanceBenchmarks" name="test_streaming_performance" time="0.003" /><testcase classname="test_plan.performance_tests.test_performance_benchmarks.TestScalabilityTests" name="test_high_concurrency_scalability" time="0.046" /><testcase classname="test_plan.performance_tests.test_performance_benchmarks.TestScalabilityTests" name="test_resource_efficiency_scaling" time="0.019" /><testcase classname="test_plan.performance_tests.test_performance_benchmarks.TestResourceUtilization" name="test_cpu_utilization_efficiency" time="2.025" /></testsuite></testsuites>